TMessagesProj/build/outputs/logs/manifest-merger-arm-release-report.txt
-- Merging decision tree log ---
meta-data#net.hockeyapp.android.appIdentifier
INJECTED from src/main/AndroidManifest.xml:236:9-109
	android:value
		INJECTED from src/main/AndroidManifest.xml
		ADDED from src/main/AndroidManifest.xml:236:71-106
	android:name
		ADDED from src/main/AndroidManifest.xml:236:20-70
manifest
ADDED from src/main/AndroidManifest.xml:2:1-240:12
INJECTED from src/main/AndroidManifest.xml:2:1-240:12
INJECTED from src/main/AndroidManifest.xml:2:1-240:12
INJECTED from src/main/AndroidManifest.xml:2:1-240:12
MERGED from [com.google.android.gms:play-services-gcm:8.4.0] AndroidManifest.xml:16:1-25:12
MERGED from [com.google.android.gms:play-services-measurement:8.4.0] AndroidManifest.xml:16:1-47:12
MERGED from [com.google.android.gms:play-services-maps:8.4.0] AndroidManifest.xml:16:1-28:12
MERGED from [com.google.android.gms:play-services-base:8.4.0] AndroidManifest.xml:16:1-19:12
MERGED from [com.google.android.gms:play-services-basement:8.4.0] AndroidManifest.xml:16:1-26:12
MERGED from [com.android.support:support-v4:23.3.0] AndroidManifest.xml:17:1-24:12
MERGED from [net.hockeyapp.android:HockeySDK:4.0.0-beta.1] AndroidManifest.xml:2:1-23:12
INJECTED from src/main/AndroidManifest.xml:2:1-240:12
INJECTED from src/main/AndroidManifest.xml:2:1-240:12
INJECTED from src/main/AndroidManifest.xml:2:1-240:12
	package
		ADDED from src/main/AndroidManifest.xml:3:5-37
		INJECTED from src/main/AndroidManifest.xml
		INJECTED from src/main/AndroidManifest.xml
	android:versionName
		INJECTED from src/main/AndroidManifest.xml
		ADDED from src/main/AndroidManifest.xml:2:1-240:12
		INJECTED from src/main/AndroidManifest.xml
	android:versionCode
		INJECTED from src/main/AndroidManifest.xml
		ADDED from src/main/AndroidManifest.xml:2:1-240:12
		INJECTED from src/main/AndroidManifest.xml
	xmlns:android
		ADDED from src/main/AndroidManifest.xml:2:11-69
	android:installLocation
		ADDED from src/main/AndroidManifest.xml:4:5-35
supports-screens
ADDED from src/main/AndroidManifest.xml:9:5-14:53
	android:largeScreens
		ADDED from src/main/AndroidManifest.xml:10:23-50
	android:smallScreens
		ADDED from src/main/AndroidManifest.xml:13:23-50
	android:normalScreens
		ADDED from src/main/AndroidManifest.xml:11:23-51
	android:xlargeScreens
		ADDED from src/main/AndroidManifest.xml:14:23-51
	android:resizeable
		ADDED from src/main/AndroidManifest.xml:12:23-48
	android:anyDensity
		ADDED from src/main/AndroidManifest.xml:9:23-48
uses-feature#0x00020000
ADDED from src/main/AndroidManifest.xml:16:5-78
MERGED from [com.google.android.gms:play-services-maps:8.4.0] AndroidManifest.xml:22:5-24:33
MERGED from [com.google.android.gms:play-services-maps:8.4.0] AndroidManifest.xml:22:5-24:33
	android:glEsVersion
		ADDED from src/main/AndroidManifest.xml:16:19-51
	android:required
		ADDED from src/main/AndroidManifest.xml:16:52-76
uses-feature#android.hardware.telephony
ADDED from src/main/AndroidManifest.xml:17:5-88
	android:required
		ADDED from src/main/AndroidManifest.xml:17:61-85
	android:name
		ADDED from src/main/AndroidManifest.xml:17:19-60
uses-feature#android.hardware.wifi
ADDED from src/main/AndroidManifest.xml:18:5-83
	android:required
		ADDED from src/main/AndroidManifest.xml:18:56-80
	android:name
		ADDED from src/main/AndroidManifest.xml:18:19-55
uses-feature#android.hardware.screen.PORTRAIT
ADDED from src/main/AndroidManifest.xml:19:5-94
	android:required
		ADDED from src/main/AndroidManifest.xml:19:67-91
	android:name
		ADDED from src/main/AndroidManifest.xml:19:19-66
uses-feature#android.hardware.microphone
ADDED from src/main/AndroidManifest.xml:20:5-89
	android:required
		ADDED from src/main/AndroidManifest.xml:20:62-86
	android:name
		ADDED from src/main/AndroidManifest.xml:20:19-61
uses-permission#android.permission.INTERNET
ADDED from src/main/AndroidManifest.xml:22:5-67
MERGED from [com.google.android.gms:play-services-gcm:8.4.0] AndroidManifest.xml:22:5-67
MERGED from [com.google.android.gms:play-services-gcm:8.4.0] AndroidManifest.xml:22:5-67
MERGED from [com.google.android.gms:play-services-measurement:8.4.0] AndroidManifest.xml:21:5-67
MERGED from [com.google.android.gms:play-services-measurement:8.4.0] AndroidManifest.xml:21:5-67
MERGED from [com.google.android.gms:play-services-maps:8.4.0] AndroidManifest.xml:21:5-66
MERGED from [com.google.android.gms:play-services-maps:8.4.0] AndroidManifest.xml:21:5-66
MERGED from [net.hockeyapp.android:HockeySDK:4.0.0-beta.1] AndroidManifest.xml:12:5-67
MERGED from [net.hockeyapp.android:HockeySDK:4.0.0-beta.1] AndroidManifest.xml:12:5-67
	android:name
		ADDED from src/main/AndroidManifest.xml:22:22-64
uses-permission#android.permission.RECORD_AUDIO
ADDED from src/main/AndroidManifest.xml:23:5-71
	android:name
		ADDED from src/main/AndroidManifest.xml:23:22-68
uses-permission#android.permission.ACCESS_NETWORK_STATE
ADDED from src/main/AndroidManifest.xml:24:5-79
MERGED from [com.google.android.gms:play-services-measurement:8.4.0] AndroidManifest.xml:22:5-79
MERGED from [com.google.android.gms:play-services-measurement:8.4.0] AndroidManifest.xml:22:5-79
MERGED from [com.google.android.gms:play-services-maps:8.4.0] AndroidManifest.xml:20:5-78
MERGED from [com.google.android.gms:play-services-maps:8.4.0] AndroidManifest.xml:20:5-78
MERGED from [net.hockeyapp.android:HockeySDK:4.0.0-beta.1] AndroidManifest.xml:11:5-79
MERGED from [net.hockeyapp.android:HockeySDK:4.0.0-beta.1] AndroidManifest.xml:11:5-79
	android:name
		ADDED from src/main/AndroidManifest.xml:24:22-76
uses-permission#android.permission.ACCESS_WIFI_STATE
ADDED from src/main/AndroidManifest.xml:25:5-76
	android:name
		ADDED from src/main/AndroidManifest.xml:25:22-73
uses-permission#android.permission.RECEIVE_SMS
ADDED from src/main/AndroidManifest.xml:26:5-70
	android:name
		ADDED from src/main/AndroidManifest.xml:26:22-67
uses-permission#android.permission.WAKE_LOCK
ADDED from src/main/AndroidManifest.xml:27:5-68
MERGED from [com.google.android.gms:play-services-measurement:8.4.0] AndroidManifest.xml:24:5-67
MERGED from [com.google.android.gms:play-services-measurement:8.4.0] AndroidManifest.xml:24:5-67
	android:name
		ADDED from src/main/AndroidManifest.xml:27:22-65
uses-permission#android.permission.WRITE_EXTERNAL_STORAGE
ADDED from src/main/AndroidManifest.xml:28:5-80
MERGED from [net.hockeyapp.android:HockeySDK:4.0.0-beta.1] AndroidManifest.xml:13:5-81
MERGED from [net.hockeyapp.android:HockeySDK:4.0.0-beta.1] AndroidManifest.xml:13:5-81
	android:name
		ADDED from src/main/AndroidManifest.xml:28:22-78
uses-permission#android.permission.READ_EXTERNAL_STORAGE
ADDED from src/main/AndroidManifest.xml:29:5-79
	android:name
		ADDED from src/main/AndroidManifest.xml:29:22-77
uses-permission#android.permission.GET_ACCOUNTS
ADDED from src/main/AndroidManifest.xml:30:5-71
	android:name
		ADDED from src/main/AndroidManifest.xml:30:22-68
uses-permission#android.permission.READ_CONTACTS
ADDED from src/main/AndroidManifest.xml:31:5-72
	android:name
		ADDED from src/main/AndroidManifest.xml:31:22-69
uses-permission#android.permission.WRITE_CONTACTS
ADDED from src/main/AndroidManifest.xml:32:5-73
	android:name
		ADDED from src/main/AndroidManifest.xml:32:22-70
uses-permission#android.permission.MANAGE_ACCOUNTS
ADDED from src/main/AndroidManifest.xml:33:5-73
	android:name
		ADDED from src/main/AndroidManifest.xml:33:22-71
uses-permission#android.permission.READ_PROFILE
ADDED from src/main/AndroidManifest.xml:34:5-70
	android:name
		ADDED from src/main/AndroidManifest.xml:34:22-68
uses-permission#android.permission.WRITE_SYNC_SETTINGS
ADDED from src/main/AndroidManifest.xml:35:5-77
	android:name
		ADDED from src/main/AndroidManifest.xml:35:22-75
uses-permission#android.permission.READ_SYNC_SETTINGS
ADDED from src/main/AndroidManifest.xml:36:5-76
	android:name
		ADDED from src/main/AndroidManifest.xml:36:22-74
uses-permission#android.permission.AUTHENTICATE_ACCOUNTS
ADDED from src/main/AndroidManifest.xml:37:5-79
	android:name
		ADDED from src/main/AndroidManifest.xml:37:22-77
uses-permission#android.permission.VIBRATE
ADDED from src/main/AndroidManifest.xml:38:5-66
	android:name
		ADDED from src/main/AndroidManifest.xml:38:22-63
uses-permission#android.permission.SYSTEM_ALERT_WINDOW
ADDED from src/main/AndroidManifest.xml:39:5-78
	android:name
		ADDED from src/main/AndroidManifest.xml:39:22-75
uses-permission#android.permission.READ_PHONE_STATE
ADDED from src/main/AndroidManifest.xml:40:5-75
	android:name
		ADDED from src/main/AndroidManifest.xml:40:22-72
uses-permission#android.permission.RECEIVE_BOOT_COMPLETED
ADDED from src/main/AndroidManifest.xml:41:5-81
	android:name
		ADDED from src/main/AndroidManifest.xml:41:22-78
uses-permission#android.permission.USE_FINGERPRINT
ADDED from src/main/AndroidManifest.xml:42:5-74
	android:name
		ADDED from src/main/AndroidManifest.xml:42:22-71
uses-permission#com.android.launcher.permission.INSTALL_SHORTCUT
ADDED from src/main/AndroidManifest.xml:43:5-88
	android:name
		ADDED from src/main/AndroidManifest.xml:43:22-85
application
ADDED from src/main/AndroidManifest.xml:44:5-238:19
MERGED from [com.google.android.gms:play-services-gcm:8.4.0] AndroidManifest.xml:24:5-20
MERGED from [com.google.android.gms:play-services-gcm:8.4.0] AndroidManifest.xml:24:5-20
MERGED from [com.google.android.gms:play-services-measurement:8.4.0] AndroidManifest.xml:26:5-46:19
MERGED from [com.google.android.gms:play-services-measurement:8.4.0] AndroidManifest.xml:26:5-46:19
MERGED from [com.google.android.gms:play-services-maps:8.4.0] AndroidManifest.xml:27:5-20
MERGED from [com.google.android.gms:play-services-maps:8.4.0] AndroidManifest.xml:27:5-20
MERGED from [com.google.android.gms:play-services-basement:8.4.0] AndroidManifest.xml:20:5-24:19
MERGED from [com.google.android.gms:play-services-basement:8.4.0] AndroidManifest.xml:20:5-24:19
MERGED from [com.android.support:support-v4:23.3.0] AndroidManifest.xml:22:5-20
MERGED from [com.android.support:support-v4:23.3.0] AndroidManifest.xml:22:5-20
MERGED from [net.hockeyapp.android:HockeySDK:4.0.0-beta.1] AndroidManifest.xml:15:5-21:19
MERGED from [net.hockeyapp.android:HockeySDK:4.0.0-beta.1] AndroidManifest.xml:15:5-21:19
	android:label
		ADDED from src/main/AndroidManifest.xml:51:9-45
	android:hardwareAccelerated
		ADDED from src/main/AndroidManifest.xml:47:9-68
	android:manageSpaceActivity
		ADDED from src/main/AndroidManifest.xml:52:9-74
	android:largeHeap
		ADDED from src/main/AndroidManifest.xml:49:9-33
	android:icon
		ADDED from src/main/AndroidManifest.xml:48:9-45
	android:allowBackup
		ADDED from src/main/AndroidManifest.xml:46:9-36
	android:theme
		ADDED from src/main/AndroidManifest.xml:50:9-53
	android:name
		ADDED from src/main/AndroidManifest.xml:45:9-64
activity#org.telegram.ui.ShortcutActivity
ADDED from src/main/AndroidManifest.xml:54:9-59:20
	android:launchMode
		ADDED from src/main/AndroidManifest.xml:55:13-48
	android:name
		ADDED from src/main/AndroidManifest.xml:54:19-66
intent-filter#android.intent.action.MAIN
ADDED from src/main/AndroidManifest.xml:56:13-58:29
action#android.intent.action.MAIN
ADDED from src/main/AndroidManifest.xml:57:17-68
	android:name
		ADDED from src/main/AndroidManifest.xml:57:25-66
activity#org.telegram.ui.LaunchActivity
ADDED from src/main/AndroidManifest.xml:61:9-123:20
	android:launchMode
		ADDED from src/main/AndroidManifest.xml:65:13-44
	android:hardwareAccelerated
		ADDED from src/main/AndroidManifest.xml:64:13-72
	android:windowSoftInputMode
		ADDED from src/main/AndroidManifest.xml:66:13-52
	android:configChanges
		ADDED from src/main/AndroidManifest.xml:63:13-83
	android:name
		ADDED from src/main/AndroidManifest.xml:62:13-58
intent-filter#android.intent.action.MAIN+android.intent.category.LAUNCHER+android.intent.category.MULTIWINDOW_LAUNCHER
ADDED from src/main/AndroidManifest.xml:67:13-71:29
category#android.intent.category.LAUNCHER
ADDED from src/main/AndroidManifest.xml:69:17-77
	android:name
		ADDED from src/main/AndroidManifest.xml:69:27-74
category#android.intent.category.MULTIWINDOW_LAUNCHER
ADDED from src/main/AndroidManifest.xml:70:17-89
	android:name
		ADDED from src/main/AndroidManifest.xml:70:27-86
intent-filter#android.intent.action.SEND+android.intent.category.DEFAULT
ADDED from src/main/AndroidManifest.xml:72:13-76:29
action#android.intent.action.SEND
ADDED from src/main/AndroidManifest.xml:73:17-68
	android:name
		ADDED from src/main/AndroidManifest.xml:73:25-66
category#android.intent.category.DEFAULT
ADDED from src/main/AndroidManifest.xml:74:17-75
	android:name
		ADDED from src/main/AndroidManifest.xml:74:27-73
data
ADDED from src/main/AndroidManifest.xml:75:17-51
	android:host
		ADDED from src/main/AndroidManifest.xml:111:23-49
	android:scheme
		ADDED from src/main/AndroidManifest.xml:111:50-71
	android:mimeType
		ADDED from src/main/AndroidManifest.xml:75:23-49
intent-filter#android.intent.action.SEND_MULTIPLE+android.intent.category.DEFAULT
ADDED from src/main/AndroidManifest.xml:82:13-86:29
action#android.intent.action.SEND_MULTIPLE
ADDED from src/main/AndroidManifest.xml:83:17-77
	android:name
		ADDED from src/main/AndroidManifest.xml:83:25-75
intent-filter#android.intent.action.VIEW+android.intent.category.DEFAULT
ADDED from src/main/AndroidManifest.xml:102:13-106:29
action#android.intent.action.VIEW
ADDED from src/main/AndroidManifest.xml:103:17-68
	android:name
		ADDED from src/main/AndroidManifest.xml:103:25-66
intent-filter#android.intent.action.VIEW+android.intent.category.BROWSABLE+android.intent.category.DEFAULT
ADDED from src/main/AndroidManifest.xml:107:13-115:29
	android:priority
		ADDED from src/main/AndroidManifest.xml:116:65-85
	android:icon
		ADDED from src/main/AndroidManifest.xml:116:28-64
category#android.intent.category.BROWSABLE
ADDED from src/main/AndroidManifest.xml:110:17-78
	android:name
		ADDED from src/main/AndroidManifest.xml:110:27-75
meta-data#android.service.chooser.chooser_target_service
ADDED from src/main/AndroidManifest.xml:122:13-150
	android:value
		ADDED from src/main/AndroidManifest.xml:122:86-147
	android:name
		ADDED from src/main/AndroidManifest.xml:122:24-85
activity#org.telegram.ui.ManageSpaceActivity
ADDED from src/main/AndroidManifest.xml:124:9-130:20
	android:launchMode
		ADDED from src/main/AndroidManifest.xml:128:13-44
	android:hardwareAccelerated
		ADDED from src/main/AndroidManifest.xml:127:13-72
	android:windowSoftInputMode
		ADDED from src/main/AndroidManifest.xml:129:13-52
	android:configChanges
		ADDED from src/main/AndroidManifest.xml:126:13-83
	android:name
		ADDED from src/main/AndroidManifest.xml:125:13-63
activity#org.telegram.ui.IntroActivity
ADDED from src/main/AndroidManifest.xml:131:9-134:20
	android:configChanges
		ADDED from src/main/AndroidManifest.xml:133:13-83
	android:name
		ADDED from src/main/AndroidManifest.xml:132:13-57
activity#org.telegram.ui.PopupNotificationActivity
ADDED from src/main/AndroidManifest.xml:135:9-143:20
	android:excludeFromRecents
		ADDED from src/main/AndroidManifest.xml:138:13-46
	android:launchMode
		ADDED from src/main/AndroidManifest.xml:139:13-44
	android:windowSoftInputMode
		ADDED from src/main/AndroidManifest.xml:142:13-67
	android:configChanges
		ADDED from src/main/AndroidManifest.xml:137:13-133
	android:theme
		ADDED from src/main/AndroidManifest.xml:141:13-69
	android:taskAffinity
		ADDED from src/main/AndroidManifest.xml:140:13-36
	android:name
		ADDED from src/main/AndroidManifest.xml:136:13-69
receiver#org.telegram.messenger.AutoMessageHeardReceiver
ADDED from src/main/AndroidManifest.xml:145:9-151:20
	android:exported
		ADDED from src/main/AndroidManifest.xml:147:13-37
	android:name
		ADDED from src/main/AndroidManifest.xml:146:13-75
intent-filter#org.telegram.messenger.ACTION_MESSAGE_HEARD
ADDED from src/main/AndroidManifest.xml:148:13-150:29
action#org.telegram.messenger.ACTION_MESSAGE_HEARD
ADDED from src/main/AndroidManifest.xml:149:17-85
	android:name
		ADDED from src/main/AndroidManifest.xml:149:25-83
receiver#org.telegram.messenger.AutoMessageReplyReceiver
ADDED from src/main/AndroidManifest.xml:153:9-159:20
	android:exported
		ADDED from src/main/AndroidManifest.xml:155:13-37
	android:name
		ADDED from src/main/AndroidManifest.xml:154:13-75
intent-filter#org.telegram.messenger.ACTION_MESSAGE_REPLY
ADDED from src/main/AndroidManifest.xml:156:13-158:29
action#org.telegram.messenger.ACTION_MESSAGE_REPLY
ADDED from src/main/AndroidManifest.xml:157:17-85
	android:name
		ADDED from src/main/AndroidManifest.xml:157:25-83
receiver#org.telegram.messenger.CallReceiver
ADDED from src/main/AndroidManifest.xml:161:9-165:20
	android:name
		ADDED from src/main/AndroidManifest.xml:161:19-69
intent-filter#android.intent.action.PHONE_STATE
ADDED from src/main/AndroidManifest.xml:162:13-164:29
action#android.intent.action.PHONE_STATE
ADDED from src/main/AndroidManifest.xml:163:17-76
	android:name
		ADDED from src/main/AndroidManifest.xml:163:25-73
receiver#org.telegram.messenger.SmsListener
ADDED from src/main/AndroidManifest.xml:167:9-171:20
	android:name
		ADDED from src/main/AndroidManifest.xml:167:19-68
intent-filter#android.provider.Telephony.SMS_RECEIVED
ADDED from src/main/AndroidManifest.xml:168:13-170:29
action#android.provider.Telephony.SMS_RECEIVED
ADDED from src/main/AndroidManifest.xml:169:17-82
	android:name
		ADDED from src/main/AndroidManifest.xml:169:25-79
service#org.telegram.messenger.AuthenticatorService
ADDED from src/main/AndroidManifest.xml:173:9-179:19
	android:exported
		ADDED from src/main/AndroidManifest.xml:173:77-100
	android:name
		ADDED from src/main/AndroidManifest.xml:173:18-76
intent-filter#android.accounts.AccountAuthenticator
ADDED from src/main/AndroidManifest.xml:174:13-176:29
action#android.accounts.AccountAuthenticator
ADDED from src/main/AndroidManifest.xml:175:17-79
	android:name
		ADDED from src/main/AndroidManifest.xml:175:25-77
meta-data#android.accounts.AccountAuthenticator
ADDED from src/main/AndroidManifest.xml:177:13-178:47
	android:resource
		ADDED from src/main/AndroidManifest.xml:178:17-45
	android:name
		ADDED from src/main/AndroidManifest.xml:177:24-76
service#org.telegram.messenger.ContactsSyncAdapterService
ADDED from src/main/AndroidManifest.xml:181:9-189:19
	android:exported
		ADDED from src/main/AndroidManifest.xml:181:83-106
	android:name
		ADDED from src/main/AndroidManifest.xml:181:18-82
intent-filter#android.content.SyncAdapter
ADDED from src/main/AndroidManifest.xml:182:13-184:29
action#android.content.SyncAdapter
ADDED from src/main/AndroidManifest.xml:183:17-70
	android:name
		ADDED from src/main/AndroidManifest.xml:183:25-67
meta-data#android.content.SyncAdapter
ADDED from src/main/AndroidManifest.xml:185:13-186:57
	android:resource
		ADDED from src/main/AndroidManifest.xml:186:17-54
	android:name
		ADDED from src/main/AndroidManifest.xml:185:24-66
meta-data#android.provider.CONTACTS_STRUCTURE
ADDED from src/main/AndroidManifest.xml:187:13-188:52
	android:resource
		ADDED from src/main/AndroidManifest.xml:188:17-49
	android:name
		ADDED from src/main/AndroidManifest.xml:187:24-74
service#org.telegram.messenger.TgChooserTargetService
ADDED from src/main/AndroidManifest.xml:191:9-198:19
	android:label
		ADDED from src/main/AndroidManifest.xml:193:13-44
	android:permission
		ADDED from src/main/AndroidManifest.xml:194:13-80
	android:name
		ADDED from src/main/AndroidManifest.xml:192:13-73
intent-filter#android.service.chooser.ChooserTargetService
ADDED from src/main/AndroidManifest.xml:195:13-197:29
action#android.service.chooser.ChooserTargetService
ADDED from src/main/AndroidManifest.xml:196:17-87
	android:name
		ADDED from src/main/AndroidManifest.xml:196:25-84
service#org.telegram.messenger.NotificationsService
ADDED from src/main/AndroidManifest.xml:200:9-101
	android:enabled
		ADDED from src/main/AndroidManifest.xml:200:77-99
	android:name
		ADDED from src/main/AndroidManifest.xml:200:18-76
service#org.telegram.messenger.NotificationRepeat
ADDED from src/main/AndroidManifest.xml:201:9-101
	android:exported
		ADDED from src/main/AndroidManifest.xml:201:75-99
	android:name
		ADDED from src/main/AndroidManifest.xml:201:18-74
service#org.telegram.messenger.ClearCacheService
ADDED from src/main/AndroidManifest.xml:202:9-100
	android:exported
		ADDED from src/main/AndroidManifest.xml:202:74-98
	android:name
		ADDED from src/main/AndroidManifest.xml:202:18-73
service#org.telegram.messenger.VideoEncodingService
ADDED from src/main/AndroidManifest.xml:203:9-101
	android:enabled
		ADDED from src/main/AndroidManifest.xml:203:77-99
	android:name
		ADDED from src/main/AndroidManifest.xml:203:18-76
service#org.telegram.messenger.MusicPlayerService
ADDED from src/main/AndroidManifest.xml:204:9-123
	android:enabled
		ADDED from src/main/AndroidManifest.xml:204:99-121
	android:exported
		ADDED from src/main/AndroidManifest.xml:204:75-98
	android:name
		ADDED from src/main/AndroidManifest.xml:204:18-74
receiver#org.telegram.messenger.MusicPlayerReceiver
ADDED from src/main/AndroidManifest.xml:206:9-216:20
	android:name
		ADDED from src/main/AndroidManifest.xml:206:19-76
intent-filter#android.intent.action.MEDIA_BUTTON+android.media.AUDIO_BECOMING_NOISY+org.telegram.android.musicplayer.close+org.telegram.android.musicplayer.next+org.telegram.android.musicplayer.pause+org.telegram.android.musicplayer.play+org.telegram.android.musicplayer.previous
ADDED from src/main/AndroidManifest.xml:207:13-215:29
action#org.telegram.android.musicplayer.close
ADDED from src/main/AndroidManifest.xml:208:17-81
	android:name
		ADDED from src/main/AndroidManifest.xml:208:25-78
action#org.telegram.android.musicplayer.pause
ADDED from src/main/AndroidManifest.xml:209:17-81
	android:name
		ADDED from src/main/AndroidManifest.xml:209:25-78
action#org.telegram.android.musicplayer.next
ADDED from src/main/AndroidManifest.xml:210:17-80
	android:name
		ADDED from src/main/AndroidManifest.xml:210:25-77
action#org.telegram.android.musicplayer.play
ADDED from src/main/AndroidManifest.xml:211:17-80
	android:name
		ADDED from src/main/AndroidManifest.xml:211:25-77
action#org.telegram.android.musicplayer.previous
ADDED from src/main/AndroidManifest.xml:212:17-84
	android:name
		ADDED from src/main/AndroidManifest.xml:212:25-81
action#android.intent.action.MEDIA_BUTTON
ADDED from src/main/AndroidManifest.xml:213:17-77
	android:name
		ADDED from src/main/AndroidManifest.xml:213:25-74
action#android.media.AUDIO_BECOMING_NOISY
ADDED from src/main/AndroidManifest.xml:214:17-77
	android:name
		ADDED from src/main/AndroidManifest.xml:214:25-74
receiver#org.telegram.messenger.AppStartReceiver
ADDED from src/main/AndroidManifest.xml:218:9-223:20
	android:enabled
		ADDED from src/main/AndroidManifest.xml:218:74-96
	android:name
		ADDED from src/main/AndroidManifest.xml:218:19-73
intent-filter#android.intent.action.BOOT_COMPLETED+org.telegram.plus.start
ADDED from src/main/AndroidManifest.xml:219:13-222:29
action#org.telegram.plus.start
ADDED from src/main/AndroidManifest.xml:220:17-66
	android:name
		ADDED from src/main/AndroidManifest.xml:220:25-63
action#android.intent.action.BOOT_COMPLETED
ADDED from src/main/AndroidManifest.xml:221:17-79
	android:name
		ADDED from src/main/AndroidManifest.xml:221:25-76
receiver#org.telegram.messenger.WearReplyReceiver
ADDED from src/main/AndroidManifest.xml:225:9-99
	android:enabled
		ADDED from src/main/AndroidManifest.xml:225:75-97
	android:name
		ADDED from src/main/AndroidManifest.xml:225:19-74
receiver#org.telegram.messenger.ShareBroadcastReceiver
ADDED from src/main/AndroidManifest.xml:226:9-104
	android:enabled
		ADDED from src/main/AndroidManifest.xml:226:80-102
	android:name
		ADDED from src/main/AndroidManifest.xml:226:19-79
uses-library#com.sec.android.app.multiwindow
ADDED from src/main/AndroidManifest.xml:228:9-97
	android:required
		ADDED from src/main/AndroidManifest.xml:228:70-94
	android:name
		ADDED from src/main/AndroidManifest.xml:228:23-69
meta-data#com.sec.android.support.multiwindow
ADDED from src/main/AndroidManifest.xml:229:9-94
	android:value
		ADDED from src/main/AndroidManifest.xml:229:71-91
	android:name
		ADDED from src/main/AndroidManifest.xml:229:20-70
meta-data#com.sec.android.multiwindow.DEFAULT_SIZE_W
ADDED from src/main/AndroidManifest.xml:230:9-102
	android:value
		ADDED from src/main/AndroidManifest.xml:230:78-99
	android:name
		ADDED from src/main/AndroidManifest.xml:230:20-77
meta-data#com.sec.android.multiwindow.DEFAULT_SIZE_H
ADDED from src/main/AndroidManifest.xml:231:9-102
	android:value
		ADDED from src/main/AndroidManifest.xml:231:78-99
	android:name
		ADDED from src/main/AndroidManifest.xml:231:20-77
meta-data#com.sec.android.multiwindow.MINIMUM_SIZE_W
ADDED from src/main/AndroidManifest.xml:232:9-102
	android:value
		ADDED from src/main/AndroidManifest.xml:232:78-99
	android:name
		ADDED from src/main/AndroidManifest.xml:232:20-77
meta-data#com.sec.android.multiwindow.MINIMUM_SIZE_H
ADDED from src/main/AndroidManifest.xml:233:9-102
	android:value
		ADDED from src/main/AndroidManifest.xml:233:78-99
	android:name
		ADDED from src/main/AndroidManifest.xml:233:20-77
meta-data#com.google.android.gms.car.application
ADDED from src/main/AndroidManifest.xml:235:9-120
	android:resource
		ADDED from src/main/AndroidManifest.xml:235:74-117
	android:name
		ADDED from src/main/AndroidManifest.xml:235:20-73
uses-sdk
INJECTED from src/main/AndroidManifest.xml reason: use-sdk injection requested
INJECTED from src/main/AndroidManifest.xml
INJECTED from src/main/AndroidManifest.xml
MERGED from [com.google.android.gms:play-services-gcm:8.4.0] AndroidManifest.xml:18:5-42
MERGED from [com.google.android.gms:play-services-gcm:8.4.0] AndroidManifest.xml:18:5-42
MERGED from [com.google.android.gms:play-services-measurement:8.4.0] AndroidManifest.xml:18:5-42
MERGED from [com.google.android.gms:play-services-measurement:8.4.0] AndroidManifest.xml:18:5-42
MERGED from [com.google.android.gms:play-services-maps:8.4.0] AndroidManifest.xml:26:5-42
MERGED from [com.google.android.gms:play-services-maps:8.4.0] AndroidManifest.xml:26:5-42
MERGED from [com.google.android.gms:play-services-base:8.4.0] AndroidManifest.xml:18:5-42
MERGED from [com.google.android.gms:play-services-base:8.4.0] AndroidManifest.xml:18:5-42
MERGED from [com.google.android.gms:play-services-basement:8.4.0] AndroidManifest.xml:18:5-42
MERGED from [com.google.android.gms:play-services-basement:8.4.0] AndroidManifest.xml:18:5-42
MERGED from [com.android.support:support-v4:23.3.0] AndroidManifest.xml:20:5-43
MERGED from [com.android.support:support-v4:23.3.0] AndroidManifest.xml:20:5-43
MERGED from [net.hockeyapp.android:HockeySDK:4.0.0-beta.1] AndroidManifest.xml:7:5-9:41
MERGED from [net.hockeyapp.android:HockeySDK:4.0.0-beta.1] AndroidManifest.xml:7:5-9:41
INJECTED from src/main/AndroidManifest.xml
INJECTED from src/main/AndroidManifest.xml
	android:targetSdkVersion
		INJECTED from src/main/AndroidManifest.xml
		ADDED from src/main/AndroidManifest.xml
		INJECTED from src/main/AndroidManifest.xml
	android:minSdkVersion
		INJECTED from src/main/AndroidManifest.xml
		ADDED from src/main/AndroidManifest.xml
		INJECTED from src/main/AndroidManifest.xml
uses-permission#com.google.android.c2dm.permission.RECEIVE
ADDED from [com.google.android.gms:play-services-gcm:8.4.0] AndroidManifest.xml:21:5-82
	android:name
		ADDED from [com.google.android.gms:play-services-gcm:8.4.0] AndroidManifest.xml:21:22-79
provider#com.google.android.gms.measurement.AppMeasurementContentProvider
ADDED from [com.google.android.gms:play-services-measurement:8.4.0] AndroidManifest.xml:28:7-31:37
	android:authorities
		ADDED from [com.google.android.gms:play-services-measurement:8.4.0] AndroidManifest.xml:29:11-76
	android:exported
		ADDED from [com.google.android.gms:play-services-measurement:8.4.0] AndroidManifest.xml:31:11-35
	android:name
		ADDED from [com.google.android.gms:play-services-measurement:8.4.0] AndroidManifest.xml:30:11-90
receiver#com.google.android.gms.measurement.AppMeasurementReceiver
ADDED from [com.google.android.gms:play-services-measurement:8.4.0] AndroidManifest.xml:33:7-39:18
	android:enabled
		ADDED from [com.google.android.gms:play-services-measurement:8.4.0] AndroidManifest.xml:35:11-33
	android:name
		ADDED from [com.google.android.gms:play-services-measurement:8.4.0] AndroidManifest.xml:34:11-83
intent-filter#com.google.android.gms.measurement.UPLOAD
ADDED from [com.google.android.gms:play-services-measurement:8.4.0] AndroidManifest.xml:36:9-38:25
action#com.google.android.gms.measurement.UPLOAD
ADDED from [com.google.android.gms:play-services-measurement:8.4.0] AndroidManifest.xml:37:11-77
	android:name
		ADDED from [com.google.android.gms:play-services-measurement:8.4.0] AndroidManifest.xml:37:19-75
service#com.google.android.gms.measurement.AppMeasurementService
ADDED from [com.google.android.gms:play-services-measurement:8.4.0] AndroidManifest.xml:41:7-44:37
	android:enabled
		ADDED from [com.google.android.gms:play-services-measurement:8.4.0] AndroidManifest.xml:43:11-33
	android:exported
		ADDED from [com.google.android.gms:play-services-measurement:8.4.0] AndroidManifest.xml:44:11-35
	android:name
		ADDED from [com.google.android.gms:play-services-measurement:8.4.0] AndroidManifest.xml:42:11-82
meta-data#com.google.android.gms.version
ADDED from [com.google.android.gms:play-services-basement:8.4.0] AndroidManifest.xml:21:9-23:69
	android:value
		ADDED from [com.google.android.gms:play-services-basement:8.4.0] AndroidManifest.xml:23:13-66
	android:name
		ADDED from [com.google.android.gms:play-services-basement:8.4.0] AndroidManifest.xml:22:13-58
activity#net.hockeyapp.android.UpdateActivity
ADDED from [net.hockeyapp.android:HockeySDK:4.0.0-beta.1] AndroidManifest.xml:16:9-73
	android:name
		ADDED from [net.hockeyapp.android:HockeySDK:4.0.0-beta.1] AndroidManifest.xml:16:19-70
activity#net.hockeyapp.android.FeedbackActivity
ADDED from [net.hockeyapp.android:HockeySDK:4.0.0-beta.1] AndroidManifest.xml:17:9-75
	android:name